TN:
SF:D:\Dev\Github\calculator\src\polyfills.ts
FNF:0
FNH:0
LF:0
LH:0
BRF:0
BRH:0
end_of_record
TN:
SF:D:\Dev\Github\calculator\src\test.ts
FNF:0
FNH:0
DA:13,1
DA:18,1
DA:20,1
LF:3
LH:3
BRF:0
BRH:0
end_of_record
TN:
SF:D:\Dev\Github\calculator\src\app\arithmetic\arithmetic.ts
FN:1,(anonymous_0)
FN:17,Arithmetic
FN:25,(anonymous_2)
FNF:3
FNH:3
FNDA:1,(anonymous_0)
FNDA:1,Arithmetic
FNDA:2,(anonymous_2)
DA:1,1
DA:5,1
DA:10,1
DA:15,1
DA:25,1
DA:27,2
DA:31,0
DA:32,0
DA:35,0
DA:36,0
DA:39,0
DA:40,0
DA:43,0
DA:44,0
DA:47,2
DA:48,2
DA:52,2
DA:54,1
LF:18
LH:10
BRF:0
BRH:0
end_of_record
TN:
SF:D:\Dev\Github\calculator\src\app\arithmetic\command.ts
FN:11,(anonymous_0)
FN:13,(anonymous_2)
FNF:2
FNH:2
FNDA:1,(anonymous_0)
FNDA:4,(anonymous_2)
DA:11,1
DA:13,1
DA:16,1
DA:19,1
DA:22,0
DA:25,0
DA:29,2
DA:33,1
LF:8
LH:6
BRDA:27,0,0,2
BRF:1
BRH:1
end_of_record
TN:
SF:D:\Dev\Github\calculator\src\app\arithmetic\key.enum.ts
FN:1,(anonymous_0)
FNF:1
FNH:1
FNDA:1,(anonymous_0)
DA:1,1
DA:2,1
DA:3,1
DA:4,1
DA:5,1
DA:6,1
DA:7,1
LF:7
LH:7
BRDA:1,0,0,1
BRDA:1,0,1,1
BRF:2
BRH:2
end_of_record
TN:
SF:D:\Dev\Github\calculator\src\app\arithmetic\key.ts
FN:3,(anonymous_0)
FN:7,Key
FNF:2
FNH:2
FNDA:1,(anonymous_0)
FNDA:4,Key
DA:3,1
DA:5,4
DA:7,8
DA:8,4
DA:9,4
DA:12,4
DA:15,1
LF:7
LH:7
BRDA:7,0,0,4
BRDA:7,0,1,0
BRF:2
BRH:1
end_of_record
TN:
SF:D:\Dev\Github\calculator\src\app\commands\clear-command.ts
FN:7,(anonymous_0)
FN:9,ClearCommand
FN:15,(anonymous_2)
FNF:3
FNH:1
FNDA:1,(anonymous_0)
FNDA:0,ClearCommand
FNDA:0,(anonymous_2)
DA:7,1
DA:9,0
DA:15,1
DA:17,0
DA:18,0
DA:19,0
DA:21,1
LF:7
LH:3
BRF:0
BRH:0
end_of_record
TN:
SF:D:\Dev\Github\calculator\src\app\commands\equals-command.ts
FN:7,(anonymous_0)
FN:9,EqualsCommand
FN:15,(anonymous_2)
FNF:3
FNH:3
FNDA:1,(anonymous_0)
FNDA:1,EqualsCommand
FNDA:1,(anonymous_2)
DA:7,1
DA:9,1
DA:15,1
DA:17,1
DA:19,1
DA:20,1
DA:21,1
DA:23,1
LF:8
LH:8
BRF:0
BRH:0
end_of_record
TN:
SF:D:\Dev\Github\calculator\src\app\commands\invert-command.ts
FN:7,(anonymous_0)
FN:9,InvertCommand
FN:15,(anonymous_2)
FNF:3
FNH:1
FNDA:1,(anonymous_0)
FNDA:0,InvertCommand
FNDA:0,(anonymous_2)
DA:7,1
DA:9,0
DA:15,1
DA:17,0
DA:19,1
LF:5
LH:3
BRF:0
BRH:0
end_of_record
TN:
SF:D:\Dev\Github\calculator\src\app\commands\push-command.ts
FN:7,(anonymous_0)
FN:9,PushCommand
FN:15,(anonymous_2)
FNF:3
FNH:3
FNDA:1,(anonymous_0)
FNDA:2,PushCommand
FNDA:2,(anonymous_2)
DA:7,1
DA:9,2
DA:15,1
DA:17,2
DA:18,2
DA:21,0
DA:23,1
LF:7
LH:6
BRF:0
BRH:0
end_of_record
TN:
SF:D:\Dev\Github\calculator\src\app\commands\set-command.ts
FN:7,(anonymous_0)
FN:9,SetCommand
FN:15,(anonymous_2)
FNF:3
FNH:3
FNDA:1,(anonymous_0)
FNDA:1,SetCommand
FNDA:1,(anonymous_2)
DA:7,1
DA:9,1
DA:15,1
DA:17,1
DA:19,1
DA:23,1
DA:24,1
DA:26,1
LF:8
LH:8
BRDA:20,0,0,1
BRDA:20,0,1,0
BRF:2
BRH:1
end_of_record
